[0913/183151.397:WARNING:net\disk_cache\blockfile\backend_impl.cc:1859] Destroying invalid entry.
[0913/183156.030:INFO:CONSOLE:2] "Element with id: savedSearchList not found", source: https://static.licdn.com/aero-v1/sc/h/6blnceqfnxe9fczh5n6wijl2j (2)
[0913/183156.030:INFO:CONSOLE:2] "Element with id: savedSearchUrl not found", source: https://static.licdn.com/aero-v1/sc/h/6blnceqfnxe9fczh5n6wijl2j (2)
[0913/183156.032:INFO:CONSOLE:2] "Element with id: joinUrl not found", source: https://static.licdn.com/aero-v1/sc/h/6blnceqfnxe9fczh5n6wijl2j (2)
[0913/183156.032:INFO:CONSOLE:2] "Element with id: mergeSignInSignUpLixValue not found", source: https://static.licdn.com/aero-v1/sc/h/6blnceqfnxe9fczh5n6wijl2j (2)
[0913/183156.034:INFO:CONSOLE:2] "No outlet was found with a data-modal attribute equal to the provided dataCustomOutlet param base-contextual-sign-in-modal", source: https://static.licdn.com/aero-v1/sc/h/6blnceqfnxe9fczh5n6wijl2j (2)
[0913/183156.049:INFO:CONSOLE:2] "Uncaught TypeError: Cannot read properties of null (reading 'addEventListener')", source: https://static.licdn.com/aero-v1/sc/h/6blnceqfnxe9fczh5n6wijl2j (2)
[0913/183156.208:INFO:CONSOLE:169] "[GSI_LOGGER]: Your client application may not display the Google One Tap in its default position. When FedCM becomes mandatory, One Tap only displays in the default position. Refer to the migration guide to update your code accordingly and opt-in to FedCM to test your changes. Learn more: https://developers.google.com/identity/gsi/web/guides/fedcm-migration?s=dc#layout", source: https://static.licdn.com/aero-v1/sc/h/29rdkxlvag0d3cpj96fiilbju (169)
[0913/183156.209:INFO:CONSOLE:169] "[GSI_LOGGER]: Your client application uses one of the Google One Tap prompt UI status methods that may stop functioning when FedCM becomes mandatory. Refer to the migration guide to update your code accordingly and opt-in to FedCM to test your changes. Learn more: https://developers.google.com/identity/gsi/web/guides/fedcm-migration?s=dc#display_moment and https://developers.google.com/identity/gsi/web/guides/fedcm-migration?s=dc#skipped_moment", source: https://static.licdn.com/aero-v1/sc/h/29rdkxlvag0d3cpj96fiilbju (169)
[0913/183156.210:INFO:CONSOLE:169] "[GSI_LOGGER]: Currently, you disable FedCM on Google One Tap. FedCM for One Tap will become mandatory starting Oct 2024, and you won’t be able to disable it. Refer to the migration guide to update your code accordingly to ensure users will not be blocked from logging in. Learn more: https://developers.google.com/identity/gsi/web/guides/fedcm-migration", source: https://static.licdn.com/aero-v1/sc/h/29rdkxlvag0d3cpj96fiilbju (169)
[0913/183156.357:ERROR:content\public\browser\web_contents_delegate.cc:300] WebContentsDelegate::CheckMediaAccessPermission: Not supported.
[0913/183156.357:ERROR:content\public\browser\web_contents_delegate.cc:300] WebContentsDelegate::CheckMediaAccessPermission: Not supported.
[0913/183156.496:INFO:CONSOLE:0] "[Report Only] Refused to frame 'https://accounts.google.com/' because an ancestor violates the following Content Security Policy directive: "frame-ancestors 'self'".
", source:  (0)
[0913/183156.779:INFO:CONSOLE:2] "Error", source: https://client.protechts.net/PXdOjV695v/main.min.js (2)
[0913/183157.118:INFO:CONSOLE:0] "[GroupMarkerNotSet(crbug.com/242999)!:A0302C0074540000]Automatic fallback to software WebGL has been deprecated. Please use the --enable-unsafe-swiftshader (about:flags#enable-unsafe-swiftshader) flag to opt in to lower security guarantees for trusted content.", source: https://www.linkedin.com/jobs/search/?keywords=Manager&location=San%20Francisco%20Bay%20Area&f_TPR=r604800&f_E=4%2C5 (0)
[0913/183157.142:INFO:CONSOLE:0] "[GroupMarkerNotSet(crbug.com/242999)!:A0602C0074540000]Automatic fallback to software WebGL has been deprecated. Please use the --enable-unsafe-swiftshader (about:flags#enable-unsafe-swiftshader) flag to opt in to lower security guarantees for trusted content.", source: https://www.linkedin.com/jobs/search/?keywords=Manager&location=San%20Francisco%20Bay%20Area&f_TPR=r604800&f_E=4%2C5 (0)
[0913/183157.142:INFO:CONSOLE:0] "[.WebGL-0x50c03806300]GL Driver Message (OpenGL, Performance, GL_CLOSE_PATH_NV, High): GPU stall due to ReadPixels", source: https://www.linkedin.com/jobs/search/?keywords=Manager&location=San%20Francisco%20Bay%20Area&f_TPR=r604800&f_E=4%2C5 (0)
[0913/183157.142:INFO:CONSOLE:0] "[GroupMarkerNotSet(crbug.com/242999)!:A0902C0074540000]Automatic fallback to software WebGL has been deprecated. Please use the --enable-unsafe-swiftshader (about:flags#enable-unsafe-swiftshader) flag to opt in to lower security guarantees for trusted content.", source: https://www.linkedin.com/jobs/search/?keywords=Manager&location=San%20Francisco%20Bay%20Area&f_TPR=r604800&f_E=4%2C5 (0)
[0913/183157.709:INFO:CONSOLE:1] "%c ", source: https://cadmus2.script.ac/fs01/main.js (1)
[0913/183157.826:INFO:CONSOLE:0] "[GroupMarkerNotSet(crbug.com/242999)!:A000330074540000]Automatic fallback to software WebGL has been deprecated. Please use the --enable-unsafe-swiftshader (about:flags#enable-unsafe-swiftshader) flag to opt in to lower security guarantees for trusted content.", source: https://li.protechts.net/index.html?ts=1757813516141&r_id=AAY%2BuNokkTP9dUdQ2i6VDg%3D%3D&app_id=PXdOjV695v&uc=scraping&d_id=ef624a8a53724da7a686060e57f8c6aba603e653e96bac09ebaefb01ea494fd3 (0)
[0913/183158.350:INFO:CONSOLE:0] "[GroupMarkerNotSet(crbug.com/242999)!:A030330074540000]Automatic fallback to software WebGL has been deprecated. Please use the --enable-unsafe-swiftshader (about:flags#enable-unsafe-swiftshader) flag to opt in to lower security guarantees for trusted content.", source: https://li.protechts.net/index.html?ts=1757813516141&r_id=AAY%2BuNokkTP9dUdQ2i6VDg%3D%3D&app_id=PXdOjV695v&uc=scraping&d_id=ef624a8a53724da7a686060e57f8c6aba603e653e96bac09ebaefb01ea494fd3 (0)
[0913/183158.440:INFO:CONSOLE:21] "Can't create a fenced frame. A sandboxed document can load fenced frames only when all of the following permissions are set: allow-same-origin, allow-forms, allow-scripts, allow-popups, allow-popups-to-escape-sandbox and allow-top-navigation-by-user-activation.", source: https://crcldu.com/mg/ssiframe.html (21)
[0913/183158.441:INFO:CONSOLE:21] "Can't create a fenced frame. A sandboxed document can load fenced frames only when all of the following permissions are set: allow-same-origin, allow-forms, allow-scripts, allow-popups, allow-popups-to-escape-sandbox and allow-top-navigation-by-user-activation.", source: https://crcldu.com/mg/ssiframe.html (21)
[0913/183217.876:INFO:CONSOLE:0] "[GroupMarkerNotSet(crbug.com/242999)!:A0902C0074540000]Automatic fallback to software WebGL has been deprecated. Please use the --enable-unsafe-swiftshader (about:flags#enable-unsafe-swiftshader) flag to opt in to lower security guarantees for trusted content.", source: https://li.protechts.net/index.html?ts=1757813516141&r_id=AAY%2BuNokkTP9dUdQ2i6VDg%3D%3D&app_id=PXdOjV695v&uc=scraping&d_id=ef624a8a53724da7a686060e57f8c6aba603e653e96bac09ebaefb01ea494fd3 (0)
[0913/183217.926:INFO:CONSOLE:0] "[.WebGL-0x50c03007800]GL Driver Message (OpenGL, Performance, GL_CLOSE_PATH_NV, High): GPU stall due to ReadPixels", source: https://li.protechts.net/index.html?ts=1757813516141&r_id=AAY%2BuNokkTP9dUdQ2i6VDg%3D%3D&app_id=PXdOjV695v&uc=scraping&d_id=ef624a8a53724da7a686060e57f8c6aba603e653e96bac09ebaefb01ea494fd3 (0)
